<?xml version="1.0" encoding="UTF-8"?><testsuite errors="2" failures="0" name="Register" skipped="0" tests="2" time="68.13" timestamp="2021-06-08 11:20:21"><testcase name="Register"><error type="java.lang.NullPointerException"/><system-err>null&#13;
com.demo.guru99.automation.stepdefinitions.RegisterStepDefinition.youShouldToSeeYourUserNameInThePortal(RegisterStepDefinition.java:44)&#13;
✽.you should to see your username in the portal(src/test/resources/features/register.feature:12)&#13;
</system-err></testcase></testsuite>